C51 COMPILER V9.57.0.0   DELAY100US                                                        05/23/2023 22:08:28 PAGE 1   


C51 COMPILER V9.57.0.0, COMPILATION OF MODULE DELAY100US
OBJECT MODULE PLACED IN .\Objects\Delay100us.obj
COMPILER INVOKED BY: F:\Software\Keil_v5\C51\BIN\C51.EXE Delay100us.c OPTIMIZE(8,SPEED) BROWSE DEBUG OBJECTEXTEND PRINT(
                    -.\Listings\Delay100us.lst) TABS(2) OBJECT(.\Objects\Delay100us.obj)

line level    source

   1          /****************************************************************************************************
   2          函数名：Delay100us
   3          功能：延时100微妙
   4          参数：无
   5          返回值：无
   6          ****************************************************************************************************/
   7          void Delay100us()   //@11.894MHz
   8          {
   9   1        unsigned char i;
  10   1      
  11   1        i = 47;
  12   1        while (--i);
  13   1      }


MODULE INFORMATION:   STATIC OVERLAYABLE
   CODE SIZE        =      5    ----
   CONSTANT SIZE    =   ----    ----
   XDATA SIZE       =   ----    ----
   PDATA SIZE       =   ----    ----
   DATA SIZE        =   ----    ----
   IDATA SIZE       =   ----    ----
   BIT SIZE         =   ----    ----
END OF MODULE INFORMATION.


C51 COMPILATION COMPLETE.  0 WARNING(S),  0 ERROR(S)
