C51 COMPILER V9.57.0.0   DELAY500US                                                        05/24/2023 08:22:28 PAGE 1   


C51 COMPILER V9.57.0.0, COMPILATION OF MODULE DELAY500US
OBJECT MODULE PLACED IN .\Objects\Delay500us.obj
COMPILER INVOKED BY: D:\Software\Keil_v5\C51\BIN\C51.EXE Delay500us.c OPTIMIZE(8,SPEED) BROWSE DEBUG OBJECTEXTEND PRINT(
                    -.\Listings\Delay500us.lst) TABS(2) OBJECT(.\Objects\Delay500us.obj)

line level    source

   1          /****************************************************************************************************
   2          函数名：Delay500us
   3          功能：延时500微妙
   4          参数：无
   5          返回值：无
   6          ****************************************************************************************************/
   7          void Delay500us(void)   //@11.894MHz
   8          {
   9   1      
  10   1        unsigned char i;
  11   1      
  12   1        i = 245;
  13   1        while (--i);
  14   1      }


MODULE INFORMATION:   STATIC OVERLAYABLE
   CODE SIZE        =      5    ----
   CONSTANT SIZE    =   ----    ----
   XDATA SIZE       =   ----    ----
   PDATA SIZE       =   ----    ----
   DATA SIZE        =   ----    ----
   IDATA SIZE       =   ----    ----
   BIT SIZE         =   ----    ----
END OF MODULE INFORMATION.


C51 COMPILATION COMPLETE.  0 WARNING(S),  0 ERROR(S)
