C51 COMPILER V9.57.0.0   GETKEYNUM                                                         05/24/2023 08:22:28 PAGE 1   


C51 COMPILER V9.57.0.0, COMPILATION OF MODULE GETKEYNUM
OBJECT MODULE PLACED IN .\Objects\getKeyNum.obj
COMPILER INVOKED BY: D:\Software\Keil_v5\C51\BIN\C51.EXE getKeyNum.c OPTIMIZE(8,SPEED) BROWSE DEBUG OBJECTEXTEND PRINT(.
                    -\Listings\getKeyNum.lst) TABS(2) OBJECT(.\Objects\getKeyNum.obj)

line level    source

   1          #include <REGX52.H>
   2          #include "Delay.h"
   3          
   4          sbit key1=P3^1;
   5          sbit key2=P3^0;
   6          sbit key3=P3^2;
   7          sbit key4=P3^3;
   8          
   9          /****************************************************************************************************
  10          函数名：getKeyNum
  11          功能：获取按下独立按键的键码
  12          参数：无
  13          返回值：按下按键的键码
  14          ****************************************************************************************************/
  15          
  16          unsigned char getKeyNum(void)
  17          {
  18   1        unsigned char keyNum=0;
  19   1        
  20   1        if(key1==0)
  21   1        {
  22   2          Delay(10);//消抖
  23   2          while(key1==0);//等待按键释放
  24   2          Delay(10);//消抖
  25   2          keyNum=1;
  26   2        }
  27   1        if(key2==0){Delay(10);while(key2==0);Delay(10);keyNum=2;}
  28   1        if(key3==0){Delay(10);while(key3==0);Delay(10);keyNum=3;}
  29   1        if(key4==0){Delay(10);while(key4==0);Delay(10);keyNum=4;}
  30   1        
  31   1        return keyNum;
  32   1      }


MODULE INFORMATION:   STATIC OVERLAYABLE
   CODE SIZE        =     82    ----
   CONSTANT SIZE    =   ----    ----
   XDATA SIZE       =   ----    ----
   PDATA SIZE       =   ----    ----
   DATA SIZE        =   ----       1
   IDATA SIZE       =   ----    ----
   BIT SIZE         =   ----    ----
END OF MODULE INFORMATION.


C51 COMPILATION COMPLETE.  0 WARNING(S),  0 ERROR(S)
