C51 COMPILER V9.57.0.0   LCD                                                               05/24/2023 08:22:28 PAGE 1   


C51 COMPILER V9.57.0.0, COMPILATION OF MODULE LCD
OBJECT MODULE PLACED IN .\Objects\LCD.obj
COMPILER INVOKED BY: D:\Software\Keil_v5\C51\BIN\C51.EXE LCD.c OPTIMIZE(8,SPEED) BROWSE DEBUG OBJECTEXTEND PRINT(.\Listi
                    -ngs\LCD.lst) TABS(2) OBJECT(.\Objects\LCD.obj)

line level    source

   1          #include <REGX52.H>
   2          #include "Delay500us.h"
   3          
   4          // 宏定义
   5          #define LCD P0
   6          
   7          // 引脚定义
   8          sbit LCD_RS = P2 ^ 6;
   9          sbit LCD_RW = P2 ^ 5;
  10          sbit LCD_EP = P2 ^ 7;
  11          
  12          /**********************************************************************
  13          函数名：LCD_WriteCommand
  14          功能：LCD1602写指令
  15          参数：command：要写入的指令
  16          返回值：无
  17          **********************************************************************/
  18          void LCD_WriteCommand(unsigned char command)
  19          {
  20   1        // 输入数据模式
  21   1        LCD_RS = 0;
  22   1      
  23   1        // 写入指令模式
  24   1        LCD_RW = 0;
  25   1        LCD = command;
  26   1      
  27   1        // 输入指令
  28   1        LCD_EP = 1;
  29   1        Delay500us();
  30   1        LCD_EP = 0;
  31   1        Delay500us();
  32   1      }
  33          
  34          /**********************************************************************
  35          函数名：LCD_WriteData
  36          功能：LCD1602写数据
  37          参数：datas：要写入的数据
  38          返回值：无
  39          **********************************************************************/
  40          void LCD_WriteData(unsigned char datas)
  41          {
  42   1        // 输入数据模式
  43   1        LCD_RS = 1;
  44   1      
  45   1        // 写入数据模式
  46   1        LCD_RW = 0;
  47   1        LCD = datas;
  48   1      
  49   1        // 输入数据
  50   1        LCD_EP = 1;
  51   1        Delay500us();
  52   1        LCD_EP = 0;
  53   1        Delay500us();
  54   1      }
C51 COMPILER V9.57.0.0   LCD                                                               05/24/2023 08:22:28 PAGE 2   

  55          
  56          /********************************************************************************
  57          函数名：LCD_Init
  58          功能：LCD1602液晶初始化
  59          参数：无
  60          返回值：无
  61          ********************************************************************************/
  62          void LCD_Init(void)
  63          {
  64   1        // 清屏
  65   1        LCD_WriteCommand(0X01);
  66   1      
  67   1        // 归位
  68   1        LCD_WriteCommand(0X02);
  69   1      
  70   1        // 输入方式设置,读写操作后，AC值自动加1
  71   1        LCD_WriteCommand(0X06);
  72   1      
  73   1        // 设置显示状态:画面开、光标关、闪烁关
  74   1        LCD_WriteCommand(0X0C);
  75   1      
  76   1        // 光标右移，AC值加1
  77   1        LCD_WriteCommand(0X14);
  78   1      
  79   1        // 设置工作方式:8位数据，2行显示，5x10点阵
  80   1        LCD_WriteCommand(0X3C);
  81   1      }
  82          
  83          /**********************************************************************
  84          函数名：LCD_ShowChar
  85          功能：LCD1602液晶显示一个字符
  86          参数：row：显示行位置，columns：显示列位置，character：要显示的字符
  87          返回值：无
  88          **********************************************************************/
  89          void LCD_ShowChar(unsigned char row, unsigned char columns, unsigned char character)
  90          {
  91   1        // 选择字符显示位置
  92   1        // LCD1602第一行0X00~0X0F,第二行0X40~0X4F
  93   1        if (row == 1)
  94   1        {
  95   2          LCD_WriteCommand(0X80 + (columns - 1));
  96   2        }
  97   1        else if (row == 2)
  98   1        {
  99   2          LCD_WriteCommand(0XC0 + (columns - 1));
 100   2        }
 101   1        // 写入要显示的字符
 102   1        LCD_WriteData(character);
 103   1      }
 104          
 105          /**********************************************************************
 106          函数名：LCD_ShowString
 107          功能：LCD1602液晶显示字符串
 108          参数：row 显示行位置，columns 显示列位置，string 要显示的字符
 109          返回值：无
 110          **********************************************************************/
 111          void LCD_ShowString(unsigned char row, unsigned char columns, unsigned char *string)
 112          {
 113   1        unsigned char i = 0;
 114   1      
 115   1        for (i = 0; string[i] != '\0'; i++)
 116   1        {
C51 COMPILER V9.57.0.0   LCD                                                               05/24/2023 08:22:28 PAGE 3   

 117   2          LCD_ShowChar(row, columns + i, string[i]);
 118   2        }
 119   1      }
 120          
 121          /**********************************************************************
 122          函数名：LCD_ShowNumber
 123          功能：LCD1602液晶显示一个数字
 124          参数：row 显示行位置，columns 显示列位置，number 要显示的数字，length 数字长度
 125          返回值：无
 126          **********************************************************************/
 127          void LCD_ShowNumber(unsigned char row, unsigned char columns, unsigned int number, unsigned char length)
 128          {
 129   1        unsigned char i;
 130   1      
 131   1        for (i = length; i > 0; i--)
 132   1        {
 133   2          LCD_ShowChar(row, columns + i - 1, '0' + number % 10);
 134   2          number /= 10;
 135   2        }
 136   1      }


MODULE INFORMATION:   STATIC OVERLAYABLE
   CODE SIZE        =    213    ----
   CONSTANT SIZE    =   ----    ----
   XDATA SIZE       =   ----    ----
   PDATA SIZE       =   ----    ----
   DATA SIZE        =   ----      15
   IDATA SIZE       =   ----    ----
   BIT SIZE         =   ----    ----
END OF MODULE INFORMATION.


C51 COMPILATION COMPLETE.  0 WARNING(S),  0 ERROR(S)
