C51 COMPILER V9.57.0.0   MAIN                                                              05/24/2023 14:31:17 PAGE 1   


C51 COMPILER V9.57.0.0, COMPILATION OF MODULE MAIN
OBJECT MODULE PLACED IN .\Objects\main.obj
COMPILER INVOKED BY: D:\Software\Keil_v5\C51\BIN\C51.EXE main.c OPTIMIZE(8,SPEED) BROWSE DEBUG OBJECTEXTEND PRINT(.\List
                    -ings\main.lst) TABS(2) OBJECT(.\Objects\main.obj)

line level    source

   1          
   2          #include "LCD.h"
   3          #include "Time.h"
   4          #include "Menu.h"
   5          #include "SetUp.h"
   6          #include "PageTurn.h"
   7          #include "AlarmClock.h"
   8          
   9          void main(void)
  10          {
  11   1        // LCD初始化
  12   1        LCD_Init();
  13   1        // 定时器初始化
  14   1        Timer1_Init();
  15   1      
  16   1        while (1)
  17   1        {
  18   2          // 界面展示
  19   2          Show_Menu();
  20   2          // 翻页
  21   2          page_turn();
  22   2          // 设置模式
  23   2          set_up();
  24   2          // 闹钟
  25   2          alarm_clock();
  26   2        }
  27   1      }


MODULE INFORMATION:   STATIC OVERLAYABLE
   CODE SIZE        =     20    ----
   CONSTANT SIZE    =   ----    ----
   XDATA SIZE       =   ----    ----
   PDATA SIZE       =   ----    ----
   DATA SIZE        =   ----    ----
   IDATA SIZE       =   ----    ----
   BIT SIZE         =   ----    ----
END OF MODULE INFORMATION.


C51 COMPILATION COMPLETE.  0 WARNING(S),  0 ERROR(S)
