C51 COMPILER V9.57.0.0   MATRIXKEYBOARD                                                    05/24/2023 08:22:28 PAGE 1   


C51 COMPILER V9.57.0.0, COMPILATION OF MODULE MATRIXKEYBOARD
OBJECT MODULE PLACED IN .\Objects\MatrixKeyboard.obj
COMPILER INVOKED BY: D:\Software\Keil_v5\C51\BIN\C51.EXE MatrixKeyboard.c OPTIMIZE(8,SPEED) BROWSE DEBUG OBJECTEXTEND PR
                    -INT(.\Listings\MatrixKeyboard.lst) TABS(2) OBJECT(.\Objects\MatrixKeyboard.obj)

line level    source

   1          #include <REGX52.H>
   2          #include "Delay.h"
   3          
   4          /********************************************************************************
   5          函数名：getMatrixKeyboardNum
   6          功能：获取矩阵键盘键值
   7          参数：无
   8          返回值：返回键值，范围1~16
   9          ********************************************************************************/
  10          unsigned char getMatrixKeyboardNum(void)
  11          {
  12   1        unsigned char key=0;
  13   1        
  14   1        P1_3=0,P1_2=1,P1_1=1,P1_0=1;
  15   1        if(P1_7==0)
  16   1        {
  17   2          Delay(10);//消抖
  18   2          while(P1_7==0);//等待按键释放
  19   2          Delay(10);//消抖
  20   2          key=1;
  21   2        }
  22   1        if(P1_6==0){Delay(10);while(P1_6==0);Delay(10);key=5;}
  23   1        if(P1_5==0){Delay(10);while(P1_5==0);Delay(10);key=9;}
  24   1        if(P1_4==0){Delay(10);while(P1_4==0);Delay(10);key=13;}
  25   1        
  26   1        P1_3=1,P1_2=0,P1_1=1,P1_0=1;
  27   1        if(P1_7==0){Delay(10);while(P1_7==0);Delay(10);key=2;}
  28   1        if(P1_6==0){Delay(10);while(P1_6==0);Delay(10);key=6;}
  29   1        if(P1_5==0){Delay(10);while(P1_5==0);Delay(10);key=10;}
  30   1        if(P1_4==0){Delay(10);while(P1_4==0);Delay(10);key=14;}
  31   1        
  32   1        P1_3=1,P1_2=1,P1_1=0,P1_0=1;
  33   1        if(P1_7==0){Delay(10);while(P1_7==0);Delay(10);key=3;}
  34   1        if(P1_6==0){Delay(10);while(P1_6==0);Delay(10);key=7;}
  35   1        if(P1_5==0){Delay(10);while(P1_5==0);Delay(10);key=11;}
  36   1        if(P1_4==0){Delay(10);while(P1_4==0);Delay(10);key=15;}
  37   1        
  38   1        P1_3=1,P1_2=1,P1_1=1,P1_0=0;
  39   1        if(P1_7==0){Delay(10);while(P1_7==0);Delay(10);key=4;}
  40   1        if(P1_6==0){Delay(10);while(P1_6==0);Delay(10);key=8;}
  41   1        if(P1_5==0){Delay(10);while(P1_5==0);Delay(10);key=12;}
  42   1        if(P1_4==0){Delay(10);while(P1_4==0);Delay(10);key=16;}
  43   1        
  44   1        return key;
  45   1      }


MODULE INFORMATION:   STATIC OVERLAYABLE
   CODE SIZE        =    342    ----
   CONSTANT SIZE    =   ----    ----
   XDATA SIZE       =   ----    ----
   PDATA SIZE       =   ----    ----
   DATA SIZE        =   ----       1
   IDATA SIZE       =   ----    ----
C51 COMPILER V9.57.0.0   MATRIXKEYBOARD                                                    05/24/2023 08:22:28 PAGE 2   

   BIT SIZE         =   ----    ----
END OF MODULE INFORMATION.


C51 COMPILATION COMPLETE.  0 WARNING(S),  0 ERROR(S)
