C51 COMPILER V9.57.0.0   TIME                                                              05/24/2023 15:11:33 PAGE 1   


C51 COMPILER V9.57.0.0, COMPILATION OF MODULE TIME
OBJECT MODULE PLACED IN .\Objects\Time.obj
COMPILER INVOKED BY: D:\Software\Keil_v5\C51\BIN\C51.EXE Time.c OPTIMIZE(8,SPEED) BROWSE DEBUG OBJECTEXTEND PRINT(.\List
                    -ings\Time.lst) TABS(2) OBJECT(.\Objects\Time.obj)

line level    source

   1          #include <REGX52.H>
   2          #include "GlobalVariable.h"
   3          
   4          //寄存器定义
   5          sfr IPH=0XB7;
   6          /**********************************************************************
   7          函数名：Timer1_Init
   8          功能：Timer1初始化
   9          参数：无
  10          返回值：无
  11          **********************************************************************/
  12          void Timer1_Init(void)
  13          {
  14   1        //TMOD寄存器配置
  15   1        TMOD=TMOD&0X0F;
  16   1        TMOD=TMOD|0X20;
  17   1        //定时器控制寄存器TCON配置
  18   1        TF1=0;
  19   1        TR1=1;
  20   1        //定时器初始值设置，最大2^16
  21   1        TL1=0xA4;//定时100微秒
  22   1        TH1=0xA4;
  23   1        //中断允许控制寄存器配置
  24   1        ET1=1;
  25   1        EA=1;
  26   1        //中断优先级配置
  27   1        IPH=IPH|0X08;
  28   1        PT1=1;
  29   1      }
  30          /**********************************************************************
  31          函数名：Timer1_Rountine
  32          功能：Timer1定时器中断定时1秒
  33          参数：无
  34          返回值：无
  35          **********************************************************************/
  36          unsigned char i=0;
  37          unsigned char j=0;
  38          void Timer1_Rountine(void) interrupt 3
  39          {
  40   1        i++;
  41   1        //1秒钟
  42   1        if(i==100){++j;i=0;}
  43   1        if(j==100)
  44   1        {
  45   2          ++system_S;
  46   2          if(system_S==60)
  47   2          {
  48   3            ++system_M;
  49   3            system_S=0;
  50   3          }
  51   2          if(system_M==60)
  52   2          {
  53   3            ++system_H;
  54   3            system_M=0;
C51 COMPILER V9.57.0.0   TIME                                                              05/24/2023 15:11:33 PAGE 2   

  55   3            if(system_H==24)
  56   3              system_H=0;
  57   3          }
  58   2          j=0;
  59   2        }
  60   1      }


MODULE INFORMATION:   STATIC OVERLAYABLE
   CODE SIZE        =     85    ----
   CONSTANT SIZE    =   ----    ----
   XDATA SIZE       =   ----    ----
   PDATA SIZE       =   ----    ----
   DATA SIZE        =      2    ----
   IDATA SIZE       =   ----    ----
   BIT SIZE         =   ----    ----
END OF MODULE INFORMATION.


C51 COMPILATION COMPLETE.  0 WARNING(S),  0 ERROR(S)
